<?xml version="1.0" encoding="UTF-8"?>
<testng-results total="1" passed="1" failed="0" skipped="0">
  <reporter-output>
  </reporter-output>
  <suite started-at="2019-11-07T19:35:18Z" name="Default suite" finished-at="2019-11-07T19:36:53Z" duration-ms="95121">
    <groups>
    </groups>
    <test started-at="2019-11-07T19:35:18Z" name="Default test" finished-at="2019-11-07T19:36:53Z" duration-ms="95121">
      <class name="Master.Yelp">
        <test-method is-config="true" signature="SystmProperties()[pri:0, instance:Master.Yelp@436a4e4b]" started-at="2019-11-08T00:35:18Z" name="SystmProperties" finished-at="2019-11-08T00:35:18Z" duration-ms="222" status="PASS">
          <reporter-output>
          </reporter-output>
        </test-method> <!-- SystmProperties -->
        <test-method is-config="true" signature="Startup()[pri:0, instance:Master.Yelp@436a4e4b]" started-at="2019-11-08T00:35:18Z" name="Startup" finished-at="2019-11-08T00:35:28Z" duration-ms="9918" status="PASS">
          <reporter-output>
          </reporter-output>
        </test-method> <!-- Startup -->
        <test-method signature="LoginIdaho()[pri:0, instance:Master.Yelp@436a4e4b]" started-at="2019-11-08T00:35:28Z" name="LoginIdaho" finished-at="2019-11-08T00:36:53Z" duration-ms="85187" status="PASS">
          <reporter-output>
          </reporter-output>
        </test-method> <!-- LoginIdaho -->
        <test-method is-config="true" signature="endReport()[pri:0, instance:Master.Yelp@436a4e4b]" started-at="2019-11-08T00:36:53Z" name="endReport" finished-at="2019-11-08T00:36:53Z" duration-ms="1" status="PASS">
          <reporter-output>
          </reporter-output>
        </test-method> <!-- endReport -->
        <test-method is-config="true" signature="endReport()[pri:0, instance:Master.Yelp@436a4e4b]" started-at="2019-11-08T00:36:53Z" name="endReport" finished-at="2019-11-08T00:36:53Z" duration-ms="1" status="PASS">
          <reporter-output>
          </reporter-output>
        </test-method> <!-- endReport -->
      </class> <!-- Master.Yelp -->
    </test> <!-- Default test -->
  </suite> <!-- Default suite -->
</testng-results>
